build/app/outputs/mapping/release/seeds.txt
com.vertex.delx.MainActivity
com.vertex.delx.MainActivity: MainActivity()
...
com.pichillilorenzo.flutter_inappwebview_android.webview.WebViewChannelDelegate$RenderProcessResponsiveCallback: java.lang.Object decodeResult(java.lang.Object)
androidx.swiperefreshlayout.widget.SwipeRefreshLayout: int getProgressViewStartOffset()
com.pichillilorenzo.flutter_inappwebview_android.types.URLProtectionSpace: void setPort(int)
io.flutter.embedding.engine.FlutterJNI: void nativeRegisterTexture(long,long,java.lang.ref.WeakReference)
io.flutter.embedding.engine.FlutterJNI: FlutterJNI()
com.pichillilorenzo.flutter_inappwebview_android.types.ResolutionExt: com.pichillilorenzo.flutter_inappwebview_android.types.ResolutionExt fromMap(java.util.Map)
com.pichillilorenzo.flutter_inappwebview_android.webview.in_app_webview.InAppWebViewClientCompat$4: boolean nonNullSuccess(java.lang.Object)
androidx.core.app.ActivityCompat$Api21Impl: void setEnterSharedElementCallback(android.app.Activity,android.app.SharedElementCallback)
com.pichillilorenzo.flutter_inappwebview_android.webview.InAppWebViewManager: void dispose()
androidx.lifecycle.Lifecycle$Event: androidx.lifecycle.Lifecycle$Event[] values()
androidx.appcompat.widget.AppCompatToggleButton: void setSupportCompoundDrawablesTintList(android.content.res.ColorStateList)
androidx.appcompat.widget.AppCompatButton: void setCustomSelectionActionModeCallback(android.view.ActionMode$Callback)
com.pichillilorenzo.flutter_inappwebview_android.types.JsConfirmResponse: JsConfirmResponse(java.lang.String,java.lang.String,java.lang.String,boolean,java.lang.Integer)
com.pichillilorenzo.flutter_inappwebview_android.pull_to_refresh.PullToRefreshSettings: com.pichillilorenzo.flutter_inappwebview_android.ISettings parse(java.util.Map)
androidx.appcompat.widget.AppCompatImageView: void setSupportBackgroundTintList(android.content.res.ColorStateList)
androidx.appcompat.widget.DropDownListView$Api21Impl: void drawableHotspotChanged(android.view.View,float,float)
androidx.appcompat.widget.Toolbar: void setTitleMarginEnd(int)
androidx.appcompat.widget.AppCompatTextView: void setCustomSelectionActionModeCallback(android.view.ActionMode$Callback)
androidx.appcompat.widget.Toolbar: void setPopupTheme(int)
androidx.appcompat.widget.SwitchCompat: void setTextOffInternal(java.lang.CharSequence)
androidx.appcompat.widget.AppCompatButton: void setSupportBackgroundTintMode(android.graphics.PorterDuff$Mode)
com.dexterous.flutterlocalnotifications.FlutterLocalNotificationsPlugin: void setCategory(com.dexterous.flutterlocalnotifications.models.NotificationDetails,androidx.core.app.NotificationCompat$Builder)
com.pichillilorenzo.flutter_inappwebview_android.types.InAppBrowserMenuItem: void setIconColor(java.lang.String)
io.flutter.plugin.editing.ImeSyncDeferringInsetsCallback: android.view.View access$402(io.flutter.plugin.editing.ImeSyncDeferringInsetsCallback,android.view.View)
com.pichillilorenzo.flutter_inappwebview_android.webview.in_app_webview.InAppWebViewChromeClient$16: void defaultBehaviour(java.lang.Object)
com.pichillilorenzo.flutter_inappwebview_android.types.HttpAuthResponse: com.pichillilorenzo.flutter_inappwebview_android.types.HttpAuthResponse fromMap(java.util.Map)
androidx.appcompat.app.AppCompatActivity: void setSupportActionBar(androidx.appcompat.widget.Toolbar)
com.pichillilorenzo.flutter_inappwebview_android.webview.in_app_webview.InAppWebViewRenderProcessClient: void dispose()
com.dexterous.flutterlocalnotifications.RuntimeTypeAdapterFactory: com.dexterous.flutterlocalnotifications.RuntimeTypeAdapterFactory registerSubtype(java.lang.Class)
androidx.appcompat.widget.SearchView: SearchView(android.content.Context)
androidx.webkit.internal.ApiHelperForM: void postWebMessage(android.webkit.WebView,android.webkit.WebMessage,android.net.Uri)
androidx.webkit.internal.ApiHelperForOMR1: void proceed(android.webkit.SafeBrowsingResponse,boolean)
com.pichillilorenzo.flutter_inappwebview_android.content_blocker.ContentBlockerHandler$2: void run()