build/app/outputs/mapping/release/usage.txt
com.vertex.delx.R$drawable
com.vertex.delx.R$mipmap
com.vertex.delx.R$string
com.vertex.delx.R$style
com.vertex.delx.R
...
androidx.fragment.app.FragmentViewModelLazyKt$viewModels$6
androidx.fragment.app.FragmentViewModelLazyKt$viewModels$7
androidx.fragment.app.FragmentViewModelLazyKt$viewModels$8
androidx.fragment.app.FragmentViewModelLazyKt$viewModels$owner$2
androidx.fragment.app.FragmentViewModelLazyKt$viewModels$owner$4
androidx.fragment.app.FragmentViewModelLazyKt
androidx.fragment.app.ListFragment$1
androidx.fragment.app.ListFragment$2
androidx.fragment.app.ListFragment
androidx.fragment.app.PredictiveBackControl
androidx.fragment.app.SpecialEffectsController$Operation:
    public final void setFinalState(androidx.fragment.app.SpecialEffectsController$Operation$State)
    public final void setLifecycleImpact(androidx.fragment.app.SpecialEffectsController$Operation$LifecycleImpact)
androidx.fragment.app.ViewKt
androidx.fragment.app.strictmode.FragmentReuseViolation:
    public final java.lang.String getPreviousFragmentId()
androidx.fragment.app.strictmode.FragmentStrictMode$Policy$Builder
androidx.fragment.app.strictmode.FragmentStrictMode:
    private static final java.lang.String TAG
    public final androidx.fragment.app.strictmode.FragmentStrictMode$Policy getDefaultPolicy()
    public static final void onGetRetainInstanceUsage(androidx.fragment.app.Fragment)
    public static final void onGetTargetFragmentRequestCodeUsage(androidx.fragment.app.Fragment)
    public final void onPolicyViolation(androidx.fragment.app.strictmode.Violation)
    public static final void onSetRetainInstanceUsage(androidx.fragment.app.Fragment)
    public static final void onSetTargetFragmentUsage(androidx.fragment.app.Fragment,androidx.fragment.app.Fragment,int)
    public static final void onSetUserVisibleHint(androidx.fragment.app.Fragment,boolean)
    public final void setDefaultPolicy(androidx.fragment.app.strictmode.FragmentStrictMode$Policy)
androidx.fragment.app.strictmode.FragmentTagUsageViolation:
    public final android.view.ViewGroup getParentContainer()
androidx.fragment.app.strictmode.GetRetainInstanceUsageViolation
androidx.fragment.app.strictmode.GetTargetFragmentRequestCodeUsageViolation
androidx.fragment.app.strictmode.RetainInstanceUsageViolation
androidx.fragment.app.strictmode.SetRetainInstanceUsageViolation
androidx.fragment.app.strictmode.SetTargetFragmentUsageViolation
androidx.fragment.app.strictmode.SetUserVisibleHintViolation
androidx.fragment.app.strictmode.TargetFragmentUsageViolation:
    public synthetic void <init>(androidx.fragment.app.Fragment,java.lang.String,int,kotlin.jvm.internal.DefaultConstructorMarker)
androidx.fragment.app.strictmode.Violation:
    public synthetic void <init>(androidx.fragment.app.Fragment,java.lang.String,int,kotlin.jvm.internal.DefaultConstructorMarker)
androidx.fragment.app.strictmode.WrongFragmentContainerViolation:
    public final android.view.ViewGroup getContainer()
androidx.fragment.app.strictmode.WrongNestedHierarchyViolation:
    public final int getContainerId()
    public final androidx.fragment.app.Fragment getExpectedParentFragment()
androidx.fragment.ktx.R
androidx.interpolator.R
androidx.legacy.app.ActionBarDrawerToggle$Delegate
androidx.legacy.app.ActionBarDrawerToggle$DelegateProvider
androidx.legacy.app.ActionBarDrawerToggle$SetIndicatorInfo
androidx.legacy.app.ActionBarDrawerToggle$SlideDrawable
androidx.legacy.app.ActionBarDrawerToggle
androidx.legacy.content.WakefulBroadcastReceiver
androidx.legacy.coreui.R$attr
androidx.legacy.coreui.R$color
androidx.legacy.coreui.R$dimen
androidx.legacy.coreui.R$drawable
androidx.legacy.coreui.R$id
androidx.legacy.coreui.R$integer
androidx.legacy.coreui.R$layout
androidx.legacy.coreui.R$string
androidx.legacy.coreui.R$style
androidx.legacy.coreui.R$styleable
androidx.legacy.coreui.R
androidx.legacy.coreutils.R$attr
androidx.legacy.coreutils.R$color
androidx.legacy.coreutils.R$dimen
androidx.legacy.coreutils.R$drawable
androidx.legacy.coreutils.R$id
androidx.legacy.coreutils.R$integer
androidx.legacy.coreutils.R$layout